  main.cpp
c:\program files (x86)\microsoft directx sdk (june 2010)\include\dxgitype.h(12): warning C4005: 'DXGI_STATUS_OCCLUDED': redefinición de macro
  c:\program files (x86)\windows kits\8.1\include\shared\winerror.h(50092): note: vea la definición anterior de 'DXGI_STATUS_OCCLUDED'
c:\program files (x86)\microsoft directx sdk (june 2010)\include\dxgitype.h(13): warning C4005: 'DXGI_STATUS_CLIPPED': redefinición de macro
  c:\program files (x86)\windows kits\8.1\include\shared\winerror.h(50101): note: vea la definición anterior de 'DXGI_STATUS_CLIPPED'
c:\program files (x86)\microsoft directx sdk (june 2010)\include\dxgitype.h(14): warning C4005: 'DXGI_STATUS_NO_REDIRECTION': redefinición de macro
  c:\program files (x86)\windows kits\8.1\include\shared\winerror.h(50110): note: vea la definición anterior de 'DXGI_STATUS_NO_REDIRECTION'
c:\program files (x86)\microsoft directx sdk (june 2010)\include\dxgitype.h(15): warning C4005: 'DXGI_STATUS_NO_DESKTOP_ACCESS': redefinición de macro
  c:\program files (x86)\windows kits\8.1\include\shared\winerror.h(50119): note: vea la definición anterior de 'DXGI_STATUS_NO_DESKTOP_ACCESS'
c:\program files (x86)\microsoft directx sdk (june 2010)\include\dxgitype.h(16): warning C4005: 'DXGI_STATUS_GRAPHICS_VIDPN_SOURCE_IN_USE': redefinición de macro
  c:\program files (x86)\windows kits\8.1\include\shared\winerror.h(50128): note: vea la definición anterior de 'DXGI_STATUS_GRAPHICS_VIDPN_SOURCE_IN_USE'
c:\program files (x86)\microsoft directx sdk (june 2010)\include\dxgitype.h(17): warning C4005: 'DXGI_STATUS_MODE_CHANGED': redefinición de macro
  c:\program files (x86)\windows kits\8.1\include\shared\winerror.h(50137): note: vea la definición anterior de 'DXGI_STATUS_MODE_CHANGED'
c:\program files (x86)\microsoft directx sdk (june 2010)\include\dxgitype.h(18): warning C4005: 'DXGI_STATUS_MODE_CHANGE_IN_PROGRESS': redefinición de macro
  c:\program files (x86)\windows kits\8.1\include\shared\winerror.h(50146): note: vea la definición anterior de 'DXGI_STATUS_MODE_CHANGE_IN_PROGRESS'
c:\program files (x86)\microsoft directx sdk (june 2010)\include\dxgitype.h(21): warning C4005: 'DXGI_ERROR_INVALID_CALL': redefinición de macro
  c:\program files (x86)\windows kits\8.1\include\shared\winerror.h(50161): note: vea la definición anterior de 'DXGI_ERROR_INVALID_CALL'
c:\program files (x86)\microsoft directx sdk (june 2010)\include\dxgitype.h(22): warning C4005: 'DXGI_ERROR_NOT_FOUND': redefinición de macro
  c:\program files (x86)\windows kits\8.1\include\shared\winerror.h(50170): note: vea la definición anterior de 'DXGI_ERROR_NOT_FOUND'
c:\program files (x86)\microsoft directx sdk (june 2010)\include\dxgitype.h(23): warning C4005: 'DXGI_ERROR_MORE_DATA': redefinición de macro
  c:\program files (x86)\windows kits\8.1\include\shared\winerror.h(50179): note: vea la definición anterior de 'DXGI_ERROR_MORE_DATA'
c:\program files (x86)\microsoft directx sdk (june 2010)\include\dxgitype.h(24): warning C4005: 'DXGI_ERROR_UNSUPPORTED': redefinición de macro
  c:\program files (x86)\windows kits\8.1\include\shared\winerror.h(50188): note: vea la definición anterior de 'DXGI_ERROR_UNSUPPORTED'
c:\program files (x86)\microsoft directx sdk (june 2010)\include\dxgitype.h(25): warning C4005: 'DXGI_ERROR_DEVICE_REMOVED': redefinición de macro
  c:\program files (x86)\windows kits\8.1\include\shared\winerror.h(50197): note: vea la definición anterior de 'DXGI_ERROR_DEVICE_REMOVED'
c:\program files (x86)\microsoft directx sdk (june 2010)\include\dxgitype.h(26): warning C4005: 'DXGI_ERROR_DEVICE_HUNG': redefinición de macro
  c:\program files (x86)\windows kits\8.1\include\shared\winerror.h(50206): note: vea la definición anterior de 'DXGI_ERROR_DEVICE_HUNG'
c:\program files (x86)\microsoft directx sdk (june 2010)\include\dxgitype.h(27): warning C4005: 'DXGI_ERROR_DEVICE_RESET': redefinición de macro
  c:\program files (x86)\windows kits\8.1\include\shared\winerror.h(50216): note: vea la definición anterior de 'DXGI_ERROR_DEVICE_RESET'
c:\program files (x86)\microsoft directx sdk (june 2010)\include\dxgitype.h(28): warning C4005: 'DXGI_ERROR_WAS_STILL_DRAWING': redefinición de macro
  c:\program files (x86)\windows kits\8.1\include\shared\winerror.h(50225): note: vea la definición anterior de 'DXGI_ERROR_WAS_STILL_DRAWING'
c:\program files (x86)\microsoft directx sdk (june 2010)\include\dxgitype.h(29): warning C4005: 'DXGI_ERROR_FRAME_STATISTICS_DISJOINT': redefinición de macro
  c:\program files (x86)\windows kits\8.1\include\shared\winerror.h(50235): note: vea la definición anterior de 'DXGI_ERROR_FRAME_STATISTICS_DISJOINT'
c:\program files (x86)\microsoft directx sdk (june 2010)\include\dxgitype.h(30): warning C4005: 'DXGI_ERROR_GRAPHICS_VIDPN_SOURCE_IN_USE': redefinición de macro
  c:\program files (x86)\windows kits\8.1\include\shared\winerror.h(50244): note: vea la definición anterior de 'DXGI_ERROR_GRAPHICS_VIDPN_SOURCE_IN_USE'
c:\program files (x86)\microsoft directx sdk (june 2010)\include\dxgitype.h(31): warning C4005: 'DXGI_ERROR_DRIVER_INTERNAL_ERROR': redefinición de macro
  c:\program files (x86)\windows kits\8.1\include\shared\winerror.h(50254): note: vea la definición anterior de 'DXGI_ERROR_DRIVER_INTERNAL_ERROR'
c:\program files (x86)\microsoft directx sdk (june 2010)\include\dxgitype.h(32): warning C4005: 'DXGI_ERROR_NONEXCLUSIVE': redefinición de macro
  c:\program files (x86)\windows kits\8.1\include\shared\winerror.h(50263): note: vea la definición anterior de 'DXGI_ERROR_NONEXCLUSIVE'
c:\program files (x86)\microsoft directx sdk (june 2010)\include\dxgitype.h(33): warning C4005: 'DXGI_ERROR_NOT_CURRENTLY_AVAILABLE': redefinición de macro
  c:\program files (x86)\windows kits\8.1\include\shared\winerror.h(50272): note: vea la definición anterior de 'DXGI_ERROR_NOT_CURRENTLY_AVAILABLE'
c:\program files (x86)\microsoft directx sdk (june 2010)\include\dxgitype.h(34): warning C4005: 'DXGI_ERROR_REMOTE_CLIENT_DISCONNECTED': redefinición de macro
  c:\program files (x86)\windows kits\8.1\include\shared\winerror.h(50282): note: vea la definición anterior de 'DXGI_ERROR_REMOTE_CLIENT_DISCONNECTED'
c:\program files (x86)\microsoft directx sdk (june 2010)\include\dxgitype.h(35): warning C4005: 'DXGI_ERROR_REMOTE_OUTOFMEMORY': redefinición de macro
  c:\program files (x86)\windows kits\8.1\include\shared\winerror.h(50291): note: vea la definición anterior de 'DXGI_ERROR_REMOTE_OUTOFMEMORY'
c:\program files (x86)\microsoft directx sdk (june 2010)\include\d3d11.h(917): warning C4005: 'D3D11_ERROR_TOO_MANY_UNIQUE_STATE_OBJECTS': redefinición de macro
  c:\program files (x86)\windows kits\8.1\include\shared\winerror.h(50469): note: vea la definición anterior de 'D3D11_ERROR_TOO_MANY_UNIQUE_STATE_OBJECTS'
c:\program files (x86)\microsoft directx sdk (june 2010)\include\d3d11.h(918): warning C4005: 'D3D11_ERROR_FILE_NOT_FOUND': redefinición de macro
  c:\program files (x86)\windows kits\8.1\include\shared\winerror.h(50478): note: vea la definición anterior de 'D3D11_ERROR_FILE_NOT_FOUND'
c:\program files (x86)\microsoft directx sdk (june 2010)\include\d3d11.h(919): warning C4005: 'D3D11_ERROR_TOO_MANY_UNIQUE_VIEW_OBJECTS': redefinición de macro
  c:\program files (x86)\windows kits\8.1\include\shared\winerror.h(50488): note: vea la definición anterior de 'D3D11_ERROR_TOO_MANY_UNIQUE_VIEW_OBJECTS'
c:\program files (x86)\microsoft directx sdk (june 2010)\include\d3d11.h(920): warning C4005: 'D3D11_ERROR_DEFERRED_CONTEXT_MAP_WITHOUT_INITIAL_DISCARD': redefinición de macro
  c:\program files (x86)\windows kits\8.1\include\shared\winerror.h(50497): note: vea la definición anterior de 'D3D11_ERROR_DEFERRED_CONTEXT_MAP_WITHOUT_INITIAL_DISCARD'
c:\program files (x86)\microsoft directx sdk (june 2010)\include\d3d10.h(608): warning C4005: 'D3D10_ERROR_TOO_MANY_UNIQUE_STATE_OBJECTS': redefinición de macro
  c:\program files (x86)\windows kits\8.1\include\shared\winerror.h(50445): note: vea la definición anterior de 'D3D10_ERROR_TOO_MANY_UNIQUE_STATE_OBJECTS'
c:\program files (x86)\microsoft directx sdk (june 2010)\include\d3d10.h(609): warning C4005: 'D3D10_ERROR_FILE_NOT_FOUND': redefinición de macro
  c:\program files (x86)\windows kits\8.1\include\shared\winerror.h(50454): note: vea la definición anterior de 'D3D10_ERROR_FILE_NOT_FOUND'
  c:\program files (x86)\microsoft directx sdk (june 2010)\include\dinput.h: DIRECTINPUT_VERSION undefined. Defaulting to version 0x0800
c:\users\black\desktop\videojuegos1\natalieconde_v1\pf_natalie_v1\dxclase2\camara.h(40): warning C4305: 'argumento': truncamiento de 'double' a 'FLOAT'
c:\users\black\desktop\videojuegos1\natalieconde_v1\pf_natalie_v1\dxclase2\meshprimitives.h(311): warning C4018: '<': no coinciden signed/unsigned
c:\users\black\desktop\videojuegos1\natalieconde_v1\pf_natalie_v1\dxclase2\meshprimitives.h(399): warning C4018: '<': no coinciden signed/unsigned
c:\users\black\desktop\videojuegos1\natalieconde_v1\pf_natalie_v1\dxclase2\meshprimitives.h(467): warning C4305: 'inicializando': truncamiento de 'double' a 'float'
c:\users\black\desktop\videojuegos1\natalieconde_v1\pf_natalie_v1\dxclase2\meshprimitives.h(468): warning C4305: 'inicializando': truncamiento de 'double' a 'float'
c:\users\black\desktop\videojuegos1\natalieconde_v1\pf_natalie_v1\dxclase2\meshprimitives.h(554): warning C4305: 'inicializando': truncamiento de 'double' a 'float'
c:\users\black\desktop\videojuegos1\natalieconde_v1\pf_natalie_v1\dxclase2\meshprimitives.h(555): warning C4305: 'inicializando': truncamiento de 'double' a 'float'
c:\users\black\desktop\videojuegos1\natalieconde_v1\pf_natalie_v1\dxclase2\meshprimitives.h(636): warning C4305: 'inicializando': truncamiento de 'double' a 'float'
c:\users\black\desktop\videojuegos1\natalieconde_v1\pf_natalie_v1\dxclase2\meshprimitives.h(771): warning C4244: '=': conversión de 'float' a 'UINT'; posible pérdida de datos
c:\users\black\desktop\videojuegos1\natalieconde_v1\pf_natalie_v1\dxclase2\meshprimitives.h(772): warning C4244: '=': conversión de 'float' a 'UINT'; posible pérdida de datos
c:\users\black\desktop\videojuegos1\natalieconde_v1\pf_natalie_v1\dxclase2\meshprimitives.h(792): warning C4018: '<': no coinciden signed/unsigned
c:\users\black\desktop\videojuegos1\natalieconde_v1\pf_natalie_v1\dxclase2\meshprimitives.h(768): warning C4101: 'renderTargetViewDesc': variable local sin referencia
c:\users\black\desktop\videojuegos1\natalieconde_v1\pf_natalie_v1\dxclase2\meshprimitives.h(769): warning C4101: 'shaderResourceViewDesc': variable local sin referencia
c:\users\black\desktop\videojuegos1\natalieconde_v1\pf_natalie_v1\dxclase2\meshprimitives.h(937): warning C4244: '/=': conversión de 'float' a 'unsigned char'; posible pérdida de datos
c:\users\black\desktop\videojuegos1\natalieconde_v1\pf_natalie_v1\dxclase2\meshprimitives.h(1133): warning C4018: '<': no coinciden signed/unsigned
c:\users\black\desktop\videojuegos1\natalieconde_v1\pf_natalie_v1\dxclase2\meshprimitives.h(1188): warning C4018: '<': no coinciden signed/unsigned
c:\users\black\desktop\videojuegos1\natalieconde_v1\pf_natalie_v1\dxclase2\meshprimitives.h(1210): warning C4018: '<': no coinciden signed/unsigned
c:\users\black\desktop\videojuegos1\natalieconde_v1\pf_natalie_v1\dxclase2\dxrender.h(211): warning C4305: 'argumento': truncamiento de 'double' a 'float'
c:\users\black\desktop\videojuegos1\natalieconde_v1\pf_natalie_v1\dxclase2\dxrender.h(214): warning C4305: 'argumento': truncamiento de 'double' a 'float'
c:\users\black\desktop\videojuegos1\natalieconde_v1\pf_natalie_v1\dxclase2\dxrender.h(216): warning C4305: 'argumento': truncamiento de 'double' a 'float'
c:\users\black\desktop\videojuegos1\natalieconde_v1\pf_natalie_v1\dxclase2\dxrender.h(228): warning C4244: 'argumento': conversión de 'float' a 'int'; posible pérdida de datos
c:\users\black\desktop\videojuegos1\natalieconde_v1\pf_natalie_v1\dxclase2\dxrender.h(231): warning C4244: 'argumento': conversión de 'float' a 'int'; posible pérdida de datos
c:\users\black\desktop\videojuegos1\natalieconde_v1\pf_natalie_v1\dxclase2\dxrender.h(430): warning C4244: '=': conversión de 'int' a 'FLOAT'; posible pérdida de datos
c:\users\black\desktop\videojuegos1\natalieconde_v1\pf_natalie_v1\dxclase2\dxrender.h(431): warning C4244: '=': conversión de 'int' a 'FLOAT'; posible pérdida de datos
c:\users\black\desktop\videojuegos1\natalieconde_v1\pf_natalie_v1\dxclase2\dxrender.h(506): warning C4244: 'argumento': conversión de 'double' a 'FLOAT'; posible pérdida de datos
c:\users\black\desktop\videojuegos1\natalieconde_v1\pf_natalie_v1\dxclase2\dxrender.h(507): warning C4244: 'argumento': conversión de 'double' a 'FLOAT'; posible pérdida de datos
c:\users\black\desktop\videojuegos1\natalieconde_v1\pf_natalie_v1\dxclase2\dxrender.h(525): warning C4305: 'argumento': truncamiento de 'double' a 'FLOAT'
c:\users\black\desktop\videojuegos1\natalieconde_v1\pf_natalie_v1\dxclase2\dxrender.h(526): warning C4244: 'argumento': conversión de 'double' a 'FLOAT'; posible pérdida de datos
c:\users\black\desktop\videojuegos1\natalieconde_v1\pf_natalie_v1\dxclase2\dxrender.h(546): warning C4305: 'argumento': truncamiento de 'double' a 'FLOAT'
c:\users\black\desktop\videojuegos1\natalieconde_v1\pf_natalie_v1\dxclase2\dxrender.h(547): warning C4305: 'argumento': truncamiento de 'double' a 'FLOAT'
c:\users\black\desktop\videojuegos1\natalieconde_v1\pf_natalie_v1\dxclase2\dxrender.h(585): warning C4244: 'argumento': conversión de 'double' a 'FLOAT'; posible pérdida de datos
c:\users\black\desktop\videojuegos1\natalieconde_v1\pf_natalie_v1\dxclase2\dxrender.h(586): warning C4244: 'argumento': conversión de 'double' a 'FLOAT'; posible pérdida de datos
c:\users\black\desktop\videojuegos1\natalieconde_v1\pf_natalie_v1\dxclase2\dxrender.h(587): warning C4244: 'argumento': conversión de 'double' a 'FLOAT'; posible pérdida de datos
c:\users\black\desktop\videojuegos1\natalieconde_v1\pf_natalie_v1\dxclase2\dxrender.h(588): warning C4244: 'argumento': conversión de 'double' a 'FLOAT'; posible pérdida de datos
c:\users\black\desktop\videojuegos1\natalieconde_v1\pf_natalie_v1\dxclase2\dxrender.h(589): warning C4244: 'argumento': conversión de 'double' a 'FLOAT'; posible pérdida de datos
c:\users\black\desktop\videojuegos1\natalieconde_v1\pf_natalie_v1\dxclase2\dxrender.h(590): warning C4244: 'argumento': conversión de 'double' a 'FLOAT'; posible pérdida de datos
c:\users\black\desktop\videojuegos1\natalieconde_v1\pf_natalie_v1\dxclase2\dxrender.h(731): warning C4305: 'argumento': truncamiento de 'double' a 'FLOAT'
c:\users\black\desktop\videojuegos1\natalieconde_v1\pf_natalie_v1\dxclase2\dxrender.h(732): warning C4244: 'argumento': conversión de 'double' a 'FLOAT'; posible pérdida de datos
c:\users\black\desktop\videojuegos1\natalieconde_v1\pf_natalie_v1\dxclase2\dxrender.h(830): warning C4305: 'argumento': truncamiento de 'double' a 'FLOAT'
c:\users\black\desktop\videojuegos1\natalieconde_v1\pf_natalie_v1\dxclase2\dxrender.h(868): warning C4244: 'argumento': conversión de 'double' a 'FLOAT'; posible pérdida de datos
c:\users\black\desktop\videojuegos1\natalieconde_v1\pf_natalie_v1\dxclase2\dxrender.h(869): warning C4244: 'argumento': conversión de 'double' a 'FLOAT'; posible pérdida de datos
c:\users\black\desktop\videojuegos1\natalieconde_v1\pf_natalie_v1\dxclase2\dxrender.h(870): warning C4244: 'argumento': conversión de 'double' a 'FLOAT'; posible pérdida de datos
c:\users\black\desktop\videojuegos1\natalieconde_v1\pf_natalie_v1\dxclase2\dxrender.h(871): warning C4244: 'argumento': conversión de 'double' a 'FLOAT'; posible pérdida de datos
c:\users\black\desktop\videojuegos1\natalieconde_v1\pf_natalie_v1\dxclase2\dxrender.h(872): warning C4244: 'argumento': conversión de 'double' a 'FLOAT'; posible pérdida de datos
c:\users\black\desktop\videojuegos1\natalieconde_v1\pf_natalie_v1\dxclase2\dxrender.h(873): warning C4244: 'argumento': conversión de 'double' a 'FLOAT'; posible pérdida de datos
c:\users\black\desktop\videojuegos1\natalieconde_v1\pf_natalie_v1\dxclase2\dxrender.h(949): warning C4305: 'argumento': truncamiento de 'double' a 'FLOAT'
c:\users\black\desktop\videojuegos1\natalieconde_v1\pf_natalie_v1\dxclase2\dxrender.h(950): warning C4244: 'argumento': conversión de 'double' a 'FLOAT'; posible pérdida de datos
c:\users\black\desktop\videojuegos1\natalieconde_v1\pf_natalie_v1\dxclase2\dxrender.h(994): warning C4305: 'argumento': truncamiento de 'double' a 'FLOAT'
c:\users\black\desktop\videojuegos1\natalieconde_v1\pf_natalie_v1\dxclase2\dxrender.h(1013): warning C4305: '+=': truncamiento de 'double' a 'float'
c:\users\black\desktop\videojuegos1\natalieconde_v1\pf_natalie_v1\dxclase2\dxrender.h(1018): warning C4305: '=': truncamiento de 'double' a 'float'
  DXClase2.vcxproj -> C:\Users\black\Desktop\Videojuegos1\NatalieConde_V1\PF_Natalie_V1\Debug\DXClase2.exe
  DXClase2.vcxproj -> C:\Users\black\Desktop\Videojuegos1\NatalieConde_V1\PF_Natalie_V1\Debug\DXClase2.pdb (Full PDB)
